23:13:53.783 logback [main] INFO  c.h.duomall.user.Application - No active profile set, falling back to default profiles: default
23:13:54.091 logback [main] WARN  o.m.s.mapper.ClassPathMapperScanner - Skipping MapperFactoryBean with name 'userMapper' and 'com.huangmaojie.duomall.user.mapper.UserMapper' mapperInterface. Bean already defined with the same name!
23:13:54.091 logback [main] WARN  o.m.s.mapper.ClassPathMapperScanner - No MyBatis mapper was found in '[com.huangmaojie.duomall.user.mapper]' package. Please check your configuration.
23:13:54.373 logback [main] INFO  o.s.cloud.context.scope.GenericScope - BeanFactory id=e60d6f28-e4ac-360b-afb3-276f68912073
23:13:54.456 logback [main] INFO  o.s.c.s.PostProcessorRegistrationDelegate$BeanPostProcessorChecker - Bean 'org.springframework.transaction.annotation.ProxyTransactionManagementConfiguration' of type [org.springframework.transaction.annotation.ProxyTransactionManagementConfiguration] is not eligible for getting processed by all BeanPostProcessors (for example: not eligible for auto-proxying)
23:13:54.606 logback [main] INFO  o.s.b.w.e.tomcat.TomcatWebServer - Tomcat initialized with port(s): 8080 (http)
23:13:54.612 logback [main] INFO  o.a.coyote.http11.Http11NioProtocol - Initializing ProtocolHandler ["http-nio-8080"]
23:13:54.613 logback [main] INFO  o.a.catalina.core.StandardService - Starting service [Tomcat]
23:13:54.613 logback [main] INFO  o.a.catalina.core.StandardEngine - Starting Servlet engine: [Apache Tomcat/9.0.30]
23:13:54.685 logback [main] INFO  o.a.c.c.C.[Tomcat].[localhost].[/] - Initializing Spring embedded WebApplicationContext
23:13:54.685 logback [main] INFO  o.s.web.context.ContextLoader - Root WebApplicationContext: initialization completed in 883 ms
23:13:54.719 logback [main] INFO  o.s.b.web.servlet.RegistrationBean - Servlet statViewServlet was not registered (possibly already registered?)
23:13:54.721 logback [main] INFO  o.s.b.web.servlet.RegistrationBean - Filter webStatFilter was not registered (possibly already registered?)
23:13:54.956 logback [main] WARN  c.n.c.sources.URLConfigurationSource - No URLs will be polled as dynamic configuration sources.
23:13:54.957 logback [main] INFO  c.n.c.sources.URLConfigurationSource - To enable URLs as dynamic configuration sources, define System property archaius.configurationSource.additionalUrls or make config.properties available on classpath.
23:13:54.959 logback [main] WARN  c.n.c.sources.URLConfigurationSource - No URLs will be polled as dynamic configuration sources.
23:13:54.959 logback [main] INFO  c.n.c.sources.URLConfigurationSource - To enable URLs as dynamic configuration sources, define System property archaius.configurationSource.additionalUrls or make config.properties available on classpath.
23:13:55.049 logback [main] INFO  o.s.s.c.ThreadPoolTaskExecutor - Initializing ExecutorService 'applicationTaskExecutor'
23:13:55.292 logback [main] WARN  o.s.c.l.c.BlockingLoadBalancerClientAutoConfiguration$BlockingLoadBalancerClientRibbonWarnLogger - You already have RibbonLoadBalancerClient on your classpath. It will be used by default. As Spring Cloud Ribbon is in maintenance mode. We recommend switching to BlockingLoadBalancerClient instead. In order to use it, set the value of `spring.cloud.loadbalancer.ribbon.enabled` to `false` or remove spring-cloud-starter-netflix-ribbon from your project.
23:13:55.376 logback [main] INFO  o.s.c.n.eureka.InstanceInfoFactory - Setting initial instance status as: STARTING
23:13:55.402 logback [main] INFO  c.netflix.discovery.DiscoveryClient - Initializing Eureka in region us-east-1
23:13:55.543 logback [main] INFO  c.n.d.p.DiscoveryJerseyProvider - Using JSON encoding codec LegacyJacksonJson
23:13:55.543 logback [main] INFO  c.n.d.p.DiscoveryJerseyProvider - Using JSON decoding codec LegacyJacksonJson
23:13:55.621 logback [main] INFO  c.n.d.p.DiscoveryJerseyProvider - Using XML encoding codec XStreamXml
23:13:55.622 logback [main] INFO  c.n.d.p.DiscoveryJerseyProvider - Using XML decoding codec XStreamXml
23:13:55.745 logback [main] INFO  c.n.d.s.r.aws.ConfigClusterResolver - Resolving eureka endpoints via configuration
23:13:55.759 logback [main] INFO  c.netflix.discovery.DiscoveryClient - Disable delta property : false
23:13:55.759 logback [main] INFO  c.netflix.discovery.DiscoveryClient - Single vip registry refresh property : null
23:13:55.759 logback [main] INFO  c.netflix.discovery.DiscoveryClient - Force full registry fetch : false
23:13:55.760 logback [main] INFO  c.netflix.discovery.DiscoveryClient - Application is null : false
23:13:55.760 logback [main] INFO  c.netflix.discovery.DiscoveryClient - Registered Applications size is zero : true
23:13:55.760 logback [main] INFO  c.netflix.discovery.DiscoveryClient - Application version is -1: true
23:13:55.760 logback [main] INFO  c.netflix.discovery.DiscoveryClient - Getting all instance registry info from the eureka server
23:13:55.952 logback [main] INFO  c.netflix.discovery.DiscoveryClient - The response status is 200
23:13:55.955 logback [main] INFO  c.netflix.discovery.DiscoveryClient - Starting heartbeat executor: renew interval is: 30
23:13:55.957 logback [main] INFO  c.n.discovery.InstanceInfoReplicator - InstanceInfoReplicator onDemand update allowed rate per min is 4
23:13:55.960 logback [main] INFO  c.netflix.discovery.DiscoveryClient - Discovery Client initialized at timestamp 1583248435959 with initial instances count: 0
23:13:55.961 logback [main] INFO  o.s.c.n.e.s.EurekaServiceRegistry - Registering application DUOMALL-USER-SERVER with eureka with status UP
23:13:55.962 logback [main] INFO  c.netflix.discovery.DiscoveryClient - Saw local status change event StatusChangeEvent [timestamp=1583248435962, current=UP, previous=STARTING]
23:13:55.963 logback [DiscoveryClient-InstanceInfoReplicator-0] INFO  c.netflix.discovery.DiscoveryClient - DiscoveryClient_DUOMALL-USER-SERVER/192.168.0.102:duomall-user-server:8080: registering service...
23:13:55.970 logback [main] INFO  o.a.coyote.http11.Http11NioProtocol - Starting ProtocolHandler ["http-nio-8080"]
23:13:56.005 logback [main] INFO  o.s.b.w.e.tomcat.TomcatWebServer - Tomcat started on port(s): 8080 (http) with context path ''
23:13:56.006 logback [main] INFO  o.s.c.n.e.s.EurekaAutoServiceRegistration - Updating port to 8080
23:13:56.010 logback [DiscoveryClient-InstanceInfoReplicator-0] INFO  c.netflix.discovery.DiscoveryClient - DiscoveryClient_DUOMALL-USER-SERVER/192.168.0.102:duomall-user-server:8080 - registration status: 204
23:13:56.010 logback [main] INFO  c.h.duomall.user.Application - Started Application in 2.82 seconds (JVM running for 3.333)
23:14:25.959 logback [DiscoveryClient-CacheRefreshExecutor-0] INFO  c.netflix.discovery.DiscoveryClient - Disable delta property : false
23:14:25.961 logback [DiscoveryClient-CacheRefreshExecutor-0] INFO  c.netflix.discovery.DiscoveryClient - Single vip registry refresh property : null
23:14:25.961 logback [DiscoveryClient-CacheRefreshExecutor-0] INFO  c.netflix.discovery.DiscoveryClient - Force full registry fetch : false
23:14:25.961 logback [DiscoveryClient-CacheRefreshExecutor-0] INFO  c.netflix.discovery.DiscoveryClient - Application is null : false
23:14:25.961 logback [DiscoveryClient-CacheRefreshExecutor-0] INFO  c.netflix.discovery.DiscoveryClient - Registered Applications size is zero : true
23:14:25.961 logback [DiscoveryClient-CacheRefreshExecutor-0] INFO  c.netflix.discovery.DiscoveryClient - Application version is -1: false
23:14:25.961 logback [DiscoveryClient-CacheRefreshExecutor-0] INFO  c.netflix.discovery.DiscoveryClient - Getting all instance registry info from the eureka server
23:14:26.001 logback [DiscoveryClient-CacheRefreshExecutor-0] INFO  c.netflix.discovery.DiscoveryClient - The response status is 200
